<?xml version="1.0" encoding="UTF-8"?>
<!-- Generated by org.testng.reporters.JUnitReportReporter -->
<testsuite hostname="shree-PC" name="com.DynamicElements.DE.DynamicElementsClass" tests="1" failures="0" timestamp="17 Aug 2016 06:39:11 GMT" time="30.853" errors="0">
  <testcase name="DynamicElements" time="30.853" classname="com.DynamicElements.DE.DynamicElementsClass"/>
</testsuite> <!-- com.DynamicElements.DE.DynamicElementsClass -->
